<component name="libraryTable">
  <library name="junit-lib">
    <CLASSES>
      <root url="file://$PROJECT_DIR$/../dummy.MahjonggCalcTestJUnit/lib" />
    </CLASSES>
    <JAVADOC />
    <SOURCES />
    <jarDirectory url="file://$PROJECT_DIR$/../dummy.MahjonggCalcTestJUnit/lib" recursive="false" />
  </library>
</component>